<?xml version="1.0" encoding="UTF-8"?>
<testng-results skipped="0" failed="0" ignored="0" total="1" passed="1">
  <reporter-output>
  </reporter-output>
  <suite name="Default suite" duration-ms="31673" started-at="2020-02-27T05:11:45Z" finished-at="2020-02-27T05:12:17Z">
    <groups>
    </groups>
    <test name="Default test" duration-ms="31673" started-at="2020-02-27T05:11:45Z" finished-at="2020-02-27T05:12:17Z">
      <class name="test.LoginTest">
        <test-method status="PASS" signature="launchBrowser()[pri:0, instance:test.LoginTest@62ee68d8]" name="launchBrowser" is-config="true" duration-ms="13091" started-at="2020-02-26T23:11:45Z" finished-at="2020-02-26T23:11:58Z">
          <reporter-output>
          </reporter-output>
        </test-method> <!-- launchBrowser -->
        <test-method status="PASS" signature="userShouldBeAbleToCreateDraft()[pri:1, instance:test.LoginTest@62ee68d8]" name="userShouldBeAbleToCreateDraft" duration-ms="17445" started-at="2020-02-26T23:11:58Z" finished-at="2020-02-26T23:12:15Z">
          <reporter-output>
          </reporter-output>
        </test-method> <!-- userShouldBeAbleToCreateDraft -->
        <test-method status="PASS" signature="close()[pri:0, instance:test.LoginTest@62ee68d8]" name="close" is-config="true" duration-ms="1066" started-at="2020-02-26T23:12:15Z" finished-at="2020-02-26T23:12:17Z">
          <reporter-output>
          </reporter-output>
        </test-method> <!-- close -->
      </class> <!-- test.LoginTest -->
    </test> <!-- Default test -->
  </suite> <!-- Default suite -->
</testng-results>
